app/build/outputs/logs/manifest-merger-debug-report.txt
-- Merging decision tree log ---
manifest
ADDED from src\main\AndroidManifest.xml:3:1-81:12
INJECTED from src\main\AndroidManifest.xml:3:1-81:12
INJECTED from src\main\AndroidManifest.xml:3:1-81:12
	package
		ADDED from src\main\AndroidManifest.xml:4:5-42
		INJECTED from src\main\AndroidManifest.xml
		INJECTED from src\main\AndroidManifest.xml
	xmlns:android
		ADDED from src\main\AndroidManifest.xml:3:11-69
uses-sdk
ADDED from src\main\AndroidManifest.xml:6:5-44
INJECTED from src\main\AndroidManifest.xml:6:5-44
INJECTED from src\main\AndroidManifest.xml:6:5-44
INJECTED from src\main\AndroidManifest.xml:6:5-44
INJECTED from src\main\AndroidManifest.xml:6:5-44
	android:targetSdkVersion
		INJECTED from src\main\AndroidManifest.xml
		ADDED from src\main\AndroidManifest.xml:6:5-44
		INJECTED from src\main\AndroidManifest.xml
	android:minSdkVersion
		ADDED from src\main\AndroidManifest.xml:6:15-41
		INJECTED from src\main\AndroidManifest.xml
		INJECTED from src\main\AndroidManifest.xml
application
ADDED from src\main\AndroidManifest.xml:8:5-79:19
	android:label
		ADDED from src\main\AndroidManifest.xml:9:9-41
	android:icon
		ADDED from src\main\AndroidManifest.xml:8:18-54
	android:name
		ADDED from src\main\AndroidManifest.xml:10:9-52
provider#com.example.android.notepad.NotePadProvider
ADDED from src\main\AndroidManifest.xml:13:9-17:20
	android:authorities
		ADDED from src\main\AndroidManifest.xml:14:13-62
	android:exported
		ADDED from src\main\AndroidManifest.xml:15:13-37
	android:name
		ADDED from src\main\AndroidManifest.xml:13:19-49
grant-uri-permission
ADDED from src\main\AndroidManifest.xml:16:13-62
	android:pathPattern
		ADDED from src\main\AndroidManifest.xml:16:35-59
activity#com.example.android.notepad.NotesList
ADDED from src\main\AndroidManifest.xml:21:9-32:20
	android:label
		ADDED from src\main\AndroidManifest.xml:21:44-84
	android:name
		ADDED from src\main\AndroidManifest.xml:21:19-43
intent-filter#action:name:android.intent.action.MAIN+category:name:android.intent.category.LAUNCHER
ADDED from src\main\AndroidManifest.xml:22:13-25:29
action#android.intent.action.MAIN
ADDED from src\main\AndroidManifest.xml:23:17-69
	android:name
		ADDED from src\main\AndroidManifest.xml:23:25-66
category#android.intent.category.LAUNCHER
ADDED from src\main\AndroidManifest.xml:24:17-77
	android:name
		ADDED from src\main\AndroidManifest.xml:24:27-74
intent-filter#action:name:android.intent.action.GET_CONTENT+category:name:android.intent.category.DEFAULT+data:mimeType:vnd.android.cursor.item/vnd.google.note
ADDED from src\main\AndroidManifest.xml:27:13-31:29
action#android.intent.action.GET_CONTENT
ADDED from src\main\AndroidManifest.xml:28:17-76
	android:name
		ADDED from src\main\AndroidManifest.xml:28:25-73
category#android.intent.category.DEFAULT
ADDED from src\main\AndroidManifest.xml:29:17-76
	android:name
		ADDED from src\main\AndroidManifest.xml:29:27-73
data
ADDED from src\main\AndroidManifest.xml:30:17-84
	android:mimeType
		ADDED from src\main\AndroidManifest.xml:30:23-81
activity#com.example.android.notepad.NoteEditor
ADDED from src\main\AndroidManifest.xml:34:9-47:20
	android:screenOrientation
		ADDED from src\main\AndroidManifest.xml:36:13-47
	android:configChanges
		ADDED from src\main\AndroidManifest.xml:37:13-63
	android:theme
		ADDED from src\main\AndroidManifest.xml:35:13-60
	android:name
		ADDED from src\main\AndroidManifest.xml:34:19-44
intent-filter#action:name:android.intent.action.INSERT+action:name:android.intent.action.PASTE+category:name:android.intent.category.DEFAULT+data:mimeType:vnd.android.cursor.dir/vnd.google.note
ADDED from src\main\AndroidManifest.xml:40:13-45:29
action#android.intent.action.INSERT
ADDED from src\main\AndroidManifest.xml:41:17-71
	android:name
		ADDED from src\main\AndroidManifest.xml:41:25-68
action#android.intent.action.PASTE
ADDED from src\main\AndroidManifest.xml:42:17-70
	android:name
		ADDED from src\main\AndroidManifest.xml:42:25-67
activity#com.example.android.notepad.TitleEditor
ADDED from src\main\AndroidManifest.xml:49:9-69:20
	android:label
		ADDED from src\main\AndroidManifest.xml:50:13-53
	android:windowSoftInputMode
		ADDED from src\main\AndroidManifest.xml:53:13-55
	android:icon
		ADDED from src\main\AndroidManifest.xml:51:13-50
	android:theme
		ADDED from src\main\AndroidManifest.xml:52:13-61
	android:name
		ADDED from src\main\AndroidManifest.xml:49:19-45
intent-filter#action:name:com.android.notepad.action.EDIT_TITLE+category:name:android.intent.category.ALTERNATIVE+category:name:android.intent.category.DEFAULT+category:name:android.intent.category.SELECTED_ALTERNATIVE+data:mimeType:vnd.android.cursor.item/vnd.google.note
ADDED from src\main\AndroidManifest.xml:55:13-68:29
	android:label
		ADDED from src\main\AndroidManifest.xml:55:28-65
action#com.android.notepad.action.EDIT_TITLE
ADDED from src\main\AndroidManifest.xml:57:17-80
	android:name
		ADDED from src\main\AndroidManifest.xml:57:25-77
category#android.intent.category.ALTERNATIVE
ADDED from src\main\AndroidManifest.xml:62:17-80
	android:name
		ADDED from src\main\AndroidManifest.xml:62:27-77
category#android.intent.category.SELECTED_ALTERNATIVE
ADDED from src\main\AndroidManifest.xml:65:17-89
	android:name
		ADDED from src\main\AndroidManifest.xml:65:27-86
activity#com.example.android.notepad.NotesLiveFolder
ADDED from src\main\AndroidManifest.xml:71:9-77:20
	android:label
		ADDED from src\main\AndroidManifest.xml:71:50-90
	android:icon
		ADDED from src\main\AndroidManifest.xml:72:13-55
	android:name
		ADDED from src\main\AndroidManifest.xml:71:19-49
intent-filter#action:name:android.intent.action.CREATE_LIVE_FOLDER+category:name:android.intent.category.DEFAULT
ADDED from src\main\AndroidManifest.xml:73:13-76:29
action#android.intent.action.CREATE_LIVE_FOLDER
ADDED from src\main\AndroidManifest.xml:74:17-83
	android:name
		ADDED from src\main\AndroidManifest.xml:74:25-80